18-11-2019 21:25:19.878 [main] INFO  o.s.c.s.PostProcessorRegistrationDelegate$BeanPostProcessorChecker.postProcessAfterInitialization - Bean 'configurationPropertiesRebinderAutoConfiguration' of type [org.springframework.cloud.autoconfigure.ConfigurationPropertiesRebinderAutoConfiguration$$EnhancerBySpringCGLIB$$10d214b2] is not eligible for getting processed by all BeanPostProcessors (for example: not eligible for auto-proxying)
18-11-2019 21:25:25.005 [main] INFO  com.ims.InventorySystemApplication.logStartupProfileInfo - No active profile set, falling back to default profiles: default
18-11-2019 21:25:28.376 [main] INFO  o.s.cloud.context.scope.GenericScope.setSerializationId - BeanFactory id=784b9b19-4f44-37e7-9815-0504d43263b6
18-11-2019 21:25:28.720 [main] INFO  o.s.c.s.PostProcessorRegistrationDelegate$BeanPostProcessorChecker.postProcessAfterInitialization - Bean 'org.springframework.cloud.autoconfigure.ConfigurationPropertiesRebinderAutoConfiguration' of type [org.springframework.cloud.autoconfigure.ConfigurationPropertiesRebinderAutoConfiguration$$EnhancerBySpringCGLIB$$10d214b2] is not eligible for getting processed by all BeanPostProcessors (for example: not eligible for auto-proxying)
18-11-2019 21:25:31.820 [main] INFO  o.s.b.w.e.tomcat.TomcatWebServer.initialize - Tomcat initialized with port(s): 8084 (http)
18-11-2019 21:25:31.868 [main] INFO  o.a.coyote.http11.Http11NioProtocol.log - Initializing ProtocolHandler ["http-nio-8084"]
18-11-2019 21:25:31.927 [main] INFO  o.a.catalina.core.StandardService.log - Starting service [Tomcat]
18-11-2019 21:25:31.928 [main] INFO  o.a.catalina.core.StandardEngine.log - Starting Servlet engine: [Apache Tomcat/9.0.17]
18-11-2019 21:25:32.856 [main] INFO  o.a.c.c.C.[Tomcat].[localhost].[/].log - Initializing Spring embedded WebApplicationContext
18-11-2019 21:25:32.857 [main] INFO  o.s.web.context.ContextLoader.prepareWebApplicationContext - Root WebApplicationContext: initialization completed in 7809 ms
18-11-2019 21:25:33.256 [main] WARN  c.n.c.sources.URLConfigurationSource.<init> - No URLs will be polled as dynamic configuration sources.
18-11-2019 21:25:33.259 [main] INFO  c.n.c.sources.URLConfigurationSource.<init> - To enable URLs as dynamic configuration sources, define System property archaius.configurationSource.additionalUrls or make config.properties available on classpath.
18-11-2019 21:25:33.331 [main] WARN  c.n.c.sources.URLConfigurationSource.<init> - No URLs will be polled as dynamic configuration sources.
18-11-2019 21:25:33.333 [main] INFO  c.n.c.sources.URLConfigurationSource.<init> - To enable URLs as dynamic configuration sources, define System property archaius.configurationSource.additionalUrls or make config.properties available on classpath.
18-11-2019 21:25:33.848 [main] INFO  o.s.s.c.ThreadPoolTaskExecutor.initialize - Initializing ExecutorService 'applicationTaskExecutor'
18-11-2019 21:25:40.021 [main] INFO  o.s.c.n.eureka.InstanceInfoFactory.create - Setting initial instance status as: STARTING
18-11-2019 21:25:40.112 [main] INFO  c.netflix.discovery.DiscoveryClient.<init> - Initializing Eureka in region us-east-1
18-11-2019 21:25:40.114 [main] INFO  c.netflix.discovery.DiscoveryClient.<init> - Client configured to neither register nor query for data.
18-11-2019 21:25:40.134 [main] INFO  c.netflix.discovery.DiscoveryClient.<init> - Discovery Client initialized at timestamp 1574092540131 with initial instances count: 0
18-11-2019 21:25:40.148 [main] INFO  o.s.c.n.e.s.EurekaServiceRegistry.register - Registering application TEST-SERVICE with eureka with status UP
18-11-2019 21:25:40.182 [main] INFO  o.a.coyote.http11.Http11NioProtocol.log - Starting ProtocolHandler ["http-nio-8084"]
18-11-2019 21:25:40.277 [main] INFO  o.s.b.w.e.tomcat.TomcatWebServer.start - Tomcat started on port(s): 8084 (http) with context path ''
18-11-2019 21:25:40.282 [main] INFO  com.ims.InventorySystemApplication.logStarted - Started InventorySystemApplication in 27.356 seconds (JVM running for 29.203)
18-11-2019 21:25:40.289 [main] INFO  com.ims.InventorySystemApplication.main - ________________________________________________________________________________________________________________________________
   ____      ___     _       ___     __   __ __    __   __ _ _ 
/*/        /*/ \*\  |*|    /*/ \*\  \*\  /*/ \*\  /*/   \ \ \ \
|*|   ___ |*|___|*| |*|   |*|___|*|  \*\/*/   \*\/*/     \ \ \ \ 
|*|   |*| |*|   |*| |*|   |*|   |*|  /*/\*\    |*|       ) ) ) )
\*\---|*| |*|   |*| |*|__ |*|   |*| /*/  \*\   |*|      / / / /
 `------' '-'   '-' '----''-'   '-''-'    '-'  '-'     /_/_/_/
____________________________________________________________________________________________________________________________
18-11-2019 21:25:40.291 [main] INFO  com.ims.InventorySystemApplication.main - LG181119092512_1770384842::REDIS CONFIGURATION START
18-11-2019 21:25:40.292 [main] INFO  com.ims.InventorySystemApplication.isRedisServerUp - LG181119092512_1770384842::Checking Redis server is up & Running on port no: 6379
18-11-2019 21:25:42.426 [main] INFO  com.ims.InventorySystemApplication.isRedisServerUp - LG181119092512_1770384842::REDIS SERVER IS DOWN
18-11-2019 21:25:42.427 [main] ERROR com.ims.InventorySystemApplication.isRedisServerUp - LG181119092512_1770384842::############EXCEPTION START###########
18-11-2019 21:25:42.427 [main] ERROR com.ims.InventorySystemApplication.isRedisServerUp - LG181119092512_1770384842::redis.clients.jedis.exceptions.JedisConnectionException: Could not get a resource from the pool
18-11-2019 21:25:42.427 [main] ERROR com.ims.InventorySystemApplication.isRedisServerUp - LG181119092512_1770384842::##########EXCEPTION END###########
18-11-2019 21:25:42.428 [main] INFO  com.ims.InventorySystemApplication.main - LG181119092512_1770384842::REDIS CONFIGURATION END
18-11-2019 21:25:42.428 [main] INFO  com.ims.InventorySystemApplication.main - LG181119092512_1770384842::QUITING SERVICE
18-11-2019 21:25:42.429 [main] INFO  com.ims.InventorySystemApplication.main - LG181119092512_1770384842:: Execution time:  29875
18-11-2019 21:25:42.429 [main] INFO  com.ims.InventorySystemApplication.main - LG181119092512_1770384842::XXXXXXXXXXXXXXXXXXXXXXXXXXXXXXXXXXXXXXXXXXXXXXXXXXXXXXXXXXXXXXXXXXXXX
18-11-2019 21:25:57.827 [http-nio-8084-exec-1] INFO  o.a.c.c.C.[Tomcat].[localhost].[/].log - Initializing Spring DispatcherServlet 'dispatcherServlet'
18-11-2019 21:25:57.828 [http-nio-8084-exec-1] INFO  o.s.web.servlet.DispatcherServlet.initServletBean - Initializing Servlet 'dispatcherServlet'
18-11-2019 21:25:57.842 [http-nio-8084-exec-1] INFO  o.s.web.servlet.DispatcherServlet.initServletBean - Completed initialization in 14 ms
18-11-2019 21:25:57.955 [http-nio-8084-exec-1] INFO  com.ims.controller.LoginController.validateLogin - 68507[<<] [<<] [<<] [<<] [<<] **NEW REQUEST* [<<] [<<] [<<] [<<] [<<]
18-11-2019 21:25:57.955 [http-nio-8084-exec-1] INFO  com.ims.controller.LoginController.validateLogin - 68507##INPUT START##
18-11-2019 21:25:57.956 [http-nio-8084-exec-1] INFO  com.ims.controller.LoginController.validateLogin - 68507##INPUT END##
18-11-2019 21:25:57.959 [http-nio-8084-exec-1] INFO  com.ims.dao.LoginDAOImpl.validateUserDAO -  >>>>>>>>>>>>GETTING DETAILS FOR ID & PASSWORD >>>>>>>>>0000>>>>>>>> 1234
18-11-2019 21:25:57.973 [http-nio-8084-exec-1] INFO  com.ims.helper.HibernateUtil.getSessionFactory - 111getting session from database
18-11-2019 21:25:58.244 [http-nio-8084-exec-1] INFO  org.hibernate.Version.logVersion - HHH000412: Hibernate Core {5.0.12.Final}
18-11-2019 21:25:58.248 [http-nio-8084-exec-1] INFO  org.hibernate.cfg.Environment.<clinit> - HHH000206: hibernate.properties not found
18-11-2019 21:25:58.250 [http-nio-8084-exec-1] INFO  org.hibernate.cfg.Environment.buildBytecodeProvider - HHH000021: Bytecode provider name : javassist
18-11-2019 21:25:58.273 [http-nio-8084-exec-1] INFO  com.ims.helper.HibernateUtil.getSessionFactory - 111Trying to connect db URL: jdbc:mysql://localhost:3306/INVENTORY_SYSTEM_DB
18-11-2019 21:25:58.353 [http-nio-8084-exec-1] INFO  o.h.annotations.common.Version.<clinit> - HCANN000001: Hibernate Commons Annotations {5.0.1.Final}
18-11-2019 21:25:58.608 [http-nio-8084-exec-1] WARN  org.hibernate.orm.connections.configure - HHH10001002: Using Hibernate built-in connection pool (not for production use!)
18-11-2019 21:25:58.627 [http-nio-8084-exec-1] INFO  org.hibernate.orm.connections.buildCreator - HHH10001005: using driver [com.mysql.cj.jdbc.Driver] at URL [jdbc:mysql://localhost:3306/INVENTORY_SYSTEM_DB?useSSL=false]
18-11-2019 21:25:58.628 [http-nio-8084-exec-1] INFO  org.hibernate.orm.connections.buildCreator - HHH10001001: Connection properties: {user=root, password=****}
18-11-2019 21:25:58.628 [http-nio-8084-exec-1] INFO  org.hibernate.orm.connections.buildCreator - HHH10001003: Autocommit mode: false
18-11-2019 21:25:58.634 [http-nio-8084-exec-1] INFO  o.h.e.j.c.i.DriverManagerConnectionProviderImpl.<init> - HHH000115: Hibernate connection pool size: 20 (min=1)
18-11-2019 21:25:59.045 [http-nio-8084-exec-1] INFO  org.hibernate.dialect.Dialect.<init> - HHH000400: Using dialect: org.hibernate.dialect.MySQL5Dialect
18-11-2019 21:26:02.076 [http-nio-8084-exec-1] INFO  com.ims.controller.LoginController.validateLogin - 68507 Execution time : 4126
18-11-2019 21:26:02.077 [http-nio-8084-exec-1] INFO  com.ims.controller.LoginController.validateLogin - 68507[>>] [>>] [>>] [>>] [>>] **SENDING RESPONSE TO CLIENT** [>>] [>>] [>>] [>>] [>>] 

18-11-2019 21:28:25.223 [http-nio-8084-exec-3] INFO  com.ims.controller.LoginController.validateLogin - 95070[<<] [<<] [<<] [<<] [<<] **NEW REQUEST* [<<] [<<] [<<] [<<] [<<]
18-11-2019 21:28:25.224 [http-nio-8084-exec-3] INFO  com.ims.controller.LoginController.validateLogin - 95070##INPUT START##
18-11-2019 21:28:25.225 [http-nio-8084-exec-3] INFO  com.ims.controller.LoginController.validateLogin - 95070##INPUT END##
18-11-2019 21:28:25.225 [http-nio-8084-exec-3] INFO  com.ims.dao.LoginDAOImpl.validateUserDAO -  >>>>>>>>>>>>GETTING DETAILS FOR ID & PASSWORD >>>>>>>>>0000>>>>>>>> 1234
18-11-2019 21:28:25.226 [http-nio-8084-exec-3] INFO  com.ims.helper.HibernateUtil.getSessionFactory - 111getting session from database
18-11-2019 21:28:25.231 [http-nio-8084-exec-3] INFO  com.ims.controller.LoginController.validateLogin - 95070 Execution time : 8
18-11-2019 21:28:25.232 [http-nio-8084-exec-3] INFO  com.ims.controller.LoginController.validateLogin - 95070[>>] [>>] [>>] [>>] [>>] **SENDING RESPONSE TO CLIENT** [>>] [>>] [>>] [>>] [>>] 

18-11-2019 21:29:15.505 [http-nio-8084-exec-4] INFO  com.ims.controller.LoginController.validateLogin - 46993[<<] [<<] [<<] [<<] [<<] **NEW REQUEST* [<<] [<<] [<<] [<<] [<<]
18-11-2019 21:29:15.506 [http-nio-8084-exec-4] INFO  com.ims.controller.LoginController.validateLogin - 46993##INPUT START##
18-11-2019 21:29:15.507 [http-nio-8084-exec-4] INFO  com.ims.controller.LoginController.validateLogin - 46993##INPUT END##
18-11-2019 21:29:15.508 [http-nio-8084-exec-4] INFO  com.ims.dao.LoginDAOImpl.validateUserDAO -  >>>>>>>>>>>>GETTING DETAILS FOR ID & PASSWORD >>>>>>>>>0000>>>>>>>> 1234
18-11-2019 21:29:15.508 [http-nio-8084-exec-4] INFO  com.ims.helper.HibernateUtil.getSessionFactory - 111getting session from database
18-11-2019 21:29:15.514 [http-nio-8084-exec-4] INFO  com.ims.controller.LoginController.validateLogin - 46993 Execution time : 9
18-11-2019 21:29:15.515 [http-nio-8084-exec-4] INFO  com.ims.controller.LoginController.validateLogin - 46993[>>] [>>] [>>] [>>] [>>] **SENDING RESPONSE TO CLIENT** [>>] [>>] [>>] [>>] [>>] 

18-11-2019 21:30:22.876 [http-nio-8084-exec-6] INFO  com.ims.controller.LoginController.validateLogin - 84705[<<] [<<] [<<] [<<] [<<] **NEW REQUEST* [<<] [<<] [<<] [<<] [<<]
18-11-2019 21:30:22.877 [http-nio-8084-exec-6] INFO  com.ims.controller.LoginController.validateLogin - 84705##INPUT START##
18-11-2019 21:30:22.878 [http-nio-8084-exec-6] INFO  com.ims.controller.LoginController.validateLogin - 84705##INPUT END##
18-11-2019 21:30:22.878 [http-nio-8084-exec-6] INFO  com.ims.dao.LoginDAOImpl.validateUserDAO -  >>>>>>>>>>>>GETTING DETAILS FOR ID & PASSWORD >>>>>>>>>0000>>>>>>>> 1234
18-11-2019 21:30:22.879 [http-nio-8084-exec-6] INFO  com.ims.helper.HibernateUtil.getSessionFactory - 111getting session from database
18-11-2019 21:30:22.884 [http-nio-8084-exec-6] INFO  com.ims.controller.LoginController.validateLogin - 84705 Execution time : 8
18-11-2019 21:30:22.885 [http-nio-8084-exec-6] INFO  com.ims.controller.LoginController.validateLogin - 84705[>>] [>>] [>>] [>>] [>>] **SENDING RESPONSE TO CLIENT** [>>] [>>] [>>] [>>] [>>] 

